<?xml version="1.0" encoding="UTF-8"?>
<!-- Generated by org.testng.reporters.JUnitReportReporter -->
<testsuite hostname="LAPTOP-BFM5BG7L" failures="0" tests="1" name="TestBrowsers" time="0.102" errors="0" timestamp="2022-10-01T15:13:07 IDT" skipped="0">
  <testcase classname="TestBrowsers" name="f" time="0.102"/>
  <system-out/>
</testsuite> <!-- TestBrowsers -->
